TrigpointingUK/app/build/intermediates/manifest_merge_blame_file/release/processReleaseMainManifest/manifest-merger-blame-release-report.txt
1<?xml version="1.0" encoding="utf-8"?>
2<manifest xmlns:android="http://schemas.android.com/apk/res/android"
3    package="com.trigpointinguk.android"
4    android:versionCode="10"
5    android:versionName="v1.0" >
6
7    <uses-sdk
8        android:minSdkVersion="21"
9        android:targetSdkVersion="34" />
10
11    <uses-permission android:name="android.permission.INTERNET" />
11-->src/main/AndroidManifest.xml:5:5-67
11-->src/main/AndroidManifest.xml:5:22-64
12    <uses-permission android:name="android.permission.ACCESS_FINE_LOCATION" />
12-->src/main/AndroidManifest.xml:6:5-79
12-->src/main/AndroidManifest.xml:6:22-76
13    <uses-permission android:name="android.permission.ACCESS_COARSE_LOCATION" />
13-->src/main/AndroidManifest.xml:7:5-81
13-->src/main/AndroidManifest.xml:7:22-78
14    <uses-permission android:name="android.permission.ACCESS_WIFI_STATE" />
14-->src/main/AndroidManifest.xml:8:5-76
14-->src/main/AndroidManifest.xml:8:22-73
15    <uses-permission android:name="android.permission.ACCESS_NETWORK_STATE" />
15-->src/main/AndroidManifest.xml:9:5-79
15-->src/main/AndroidManifest.xml:9:22-76
16    <uses-permission
16-->src/main/AndroidManifest.xml:10:5-11:51
17        android:name="android.permission.WRITE_EXTERNAL_STORAGE"
17-->src/main/AndroidManifest.xml:10:22-78
18        android:maxSdkVersion="28" />
18-->src/main/AndroidManifest.xml:11:22-48
19    <uses-permission
19-->src/main/AndroidManifest.xml:12:5-13:51
20        android:name="android.permission.READ_EXTERNAL_STORAGE"
20-->src/main/AndroidManifest.xml:12:22-77
21        android:maxSdkVersion="32" />
21-->src/main/AndroidManifest.xml:13:22-48
22    <uses-permission android:name="android.permission.VIBRATE" />
22-->src/main/AndroidManifest.xml:14:5-66
22-->src/main/AndroidManifest.xml:14:22-63
23    <uses-permission android:name="android.permission.CAMERA" />
23-->src/main/AndroidManifest.xml:15:5-65
23-->src/main/AndroidManifest.xml:15:22-62
24
25    <!-- For Android 13+ -->
26    <uses-permission android:name="android.permission.READ_MEDIA_IMAGES" />
26-->src/main/AndroidManifest.xml:18:5-76
26-->src/main/AndroidManifest.xml:18:22-73
27
28    <uses-feature
28-->[com.google.android.gms:play-services-maps:18.2.0] AndroidManifest.xml:26:5-28:35
29        android:glEsVersion="0x00020000"
29-->[com.google.android.gms:play-services-maps:18.2.0] AndroidManifest.xml:27:9-41
30        android:required="true" />
30-->[com.google.android.gms:play-services-maps:18.2.0] AndroidManifest.xml:28:9-32
31
32    <queries>
32-->[com.google.android.gms:play-services-maps:18.2.0] AndroidManifest.xml:30:5-34:15
33
34        <!-- Needs to be explicitly declared on Android R+ -->
35        <package android:name="com.google.android.apps.maps" />
35-->[com.google.android.gms:play-services-maps:18.2.0] AndroidManifest.xml:33:9-64
35-->[com.google.android.gms:play-services-maps:18.2.0] AndroidManifest.xml:33:18-61
36    </queries>
37
38    <permission
38-->[androidx.core:core:1.9.0] AndroidManifest.xml:22:5-24:47
39        android:name="com.trigpointinguk.android.DYNAMIC_RECEIVER_NOT_EXPORTED_PERMISSION"
39-->[androidx.core:core:1.9.0] AndroidManifest.xml:23:9-81
40        android:protectionLevel="signature" />
40-->[androidx.core:core:1.9.0] AndroidManifest.xml:24:9-44
41
42    <uses-permission android:name="com.trigpointinguk.android.DYNAMIC_RECEIVER_NOT_EXPORTED_PERMISSION" />
42-->[androidx.core:core:1.9.0] AndroidManifest.xml:26:5-97
42-->[androidx.core:core:1.9.0] AndroidManifest.xml:26:22-94
43
44    <application
44-->src/main/AndroidManifest.xml:20:5-50:19
45        android:name="com.trigpointinguk.android.MainApplication"
45-->src/main/AndroidManifest.xml:23:9-39
46        android:allowBackup="true"
46-->src/main/AndroidManifest.xml:24:9-35
47        android:appComponentFactory="androidx.core.app.CoreComponentFactory"
47-->[androidx.core:core:1.9.0] AndroidManifest.xml:28:18-86
48        android:extractNativeLibs="true"
49        android:icon="@drawable/icon"
49-->src/main/AndroidManifest.xml:21:9-38
50        android:label="@string/app_name"
50-->src/main/AndroidManifest.xml:22:9-41
51        android:theme="@style/Theme.AppCompat.Light.DarkActionBar" >
51-->src/main/AndroidManifest.xml:25:9-67
52        <activity
52-->src/main/AndroidManifest.xml:27:9-32:20
53            android:name="com.trigpointinguk.android.MainActivity"
53-->src/main/AndroidManifest.xml:27:52-79
54            android:exported="true"
54-->src/main/AndroidManifest.xml:27:80-103
55            android:label="@string/app_name" >
55-->src/main/AndroidManifest.xml:27:19-51
56            <intent-filter>
56-->src/main/AndroidManifest.xml:28:13-31:29
57                <action android:name="android.intent.action.MAIN" />
57-->src/main/AndroidManifest.xml:29:17-69
57-->src/main/AndroidManifest.xml:29:25-66
58
59                <category android:name="android.intent.category.LAUNCHER" />
59-->src/main/AndroidManifest.xml:30:17-77
59-->src/main/AndroidManifest.xml:30:27-74
60            </intent-filter>
61        </activity>
62        <activity android:name="com.trigpointinguk.android.nearest.NearestActivity" />
62-->src/main/AndroidManifest.xml:33:9-70
62-->src/main/AndroidManifest.xml:33:19-58
63        <activity
63-->src/main/AndroidManifest.xml:34:9-118
64            android:name="com.trigpointinguk.android.DownloadTrigsActivity"
64-->src/main/AndroidManifest.xml:34:70-106
65            android:configChanges="keyboardHidden|orientation" />
65-->src/main/AndroidManifest.xml:34:19-69
66        <activity android:name="com.trigpointinguk.android.PreferencesActivity" />
66-->src/main/AndroidManifest.xml:35:9-65
66-->src/main/AndroidManifest.xml:35:19-53
67        <activity
67-->src/main/AndroidManifest.xml:36:9-126
68            android:name="com.trigpointinguk.android.mapping.DownloadMapsActivity"
68-->src/main/AndroidManifest.xml:36:70-114
69            android:configChanges="keyboardHidden|orientation" />
69-->src/main/AndroidManifest.xml:36:19-69
70        <activity android:name="com.trigpointinguk.android.trigdetails.TrigDetailsActivity" />
70-->src/main/AndroidManifest.xml:37:9-78
70-->src/main/AndroidManifest.xml:37:19-66
71        <activity android:name="com.trigpointinguk.android.trigdetails.TrigDetailsAlbumTab" />
71-->src/main/AndroidManifest.xml:38:9-78
71-->src/main/AndroidManifest.xml:38:19-66
72        <activity android:name="com.trigpointinguk.android.trigdetails.TrigDetailsInfoTab" />
72-->src/main/AndroidManifest.xml:39:9-77
72-->src/main/AndroidManifest.xml:39:19-65
73        <activity android:name="com.trigpointinguk.android.trigdetails.TrigDetailsLoglistTab" />
73-->src/main/AndroidManifest.xml:40:9-80
73-->src/main/AndroidManifest.xml:40:19-68
74        <activity android:name="com.trigpointinguk.android.trigdetails.TrigDetailsOSMapTab" />
74-->src/main/AndroidManifest.xml:41:9-78
74-->src/main/AndroidManifest.xml:41:19-66
75        <activity android:name="com.trigpointinguk.android.mapping.MapActivity" />
75-->src/main/AndroidManifest.xml:42:9-66
75-->src/main/AndroidManifest.xml:42:19-54
76
77        <meta-data
77-->src/main/AndroidManifest.xml:43:9-110
78            android:name="CLOUDMADE_KEY"
78-->src/main/AndroidManifest.xml:43:69-97
79            android:value="6668b1358f29457b88baf287a692ae97" />
79-->src/main/AndroidManifest.xml:43:20-68
80        <meta-data
80-->src/main/AndroidManifest.xml:44:9-137
81            android:name="BING_KEY"
81-->src/main/AndroidManifest.xml:44:101-124
82            android:value="AmX-6eFz_aE2rrhkXUprU3HRV2BNMrCYQoKodIFdfNEcZosjAEbsNetB00GFktP5" />
82-->src/main/AndroidManifest.xml:44:20-100
83
84        <activity android:name="com.trigpointinguk.android.HelpPageActivity" />
84-->src/main/AndroidManifest.xml:45:9-62
84-->src/main/AndroidManifest.xml:45:19-50
85        <activity android:name="com.trigpointinguk.android.common.DisplayBitmapActivity" />
85-->src/main/AndroidManifest.xml:46:9-75
85-->src/main/AndroidManifest.xml:46:19-63
86        <activity android:name="com.trigpointinguk.android.logging.LogTrigActivity" />
86-->src/main/AndroidManifest.xml:47:9-70
86-->src/main/AndroidManifest.xml:47:19-58
87        <activity android:name="com.trigpointinguk.android.logging.LogPhotoActivity" />
87-->src/main/AndroidManifest.xml:48:9-71
87-->src/main/AndroidManifest.xml:48:19-59
88        <activity android:name="com.trigpointinguk.android.filter.FilterActivity" />
88-->src/main/AndroidManifest.xml:49:9-68
88-->src/main/AndroidManifest.xml:49:19-56
89        <!-- Needs to be explicitly declared on P+ -->
90        <uses-library
90-->[com.google.android.gms:play-services-maps:18.2.0] AndroidManifest.xml:39:9-41:40
91            android:name="org.apache.http.legacy"
91-->[com.google.android.gms:play-services-maps:18.2.0] AndroidManifest.xml:40:13-50
92            android:required="false" />
92-->[com.google.android.gms:play-services-maps:18.2.0] AndroidManifest.xml:41:13-37
93
94        <activity
94-->[com.google.android.gms:play-services-base:18.1.0] AndroidManifest.xml:20:9-22:45
95            android:name="com.google.android.gms.common.api.GoogleApiActivity"
95-->[com.google.android.gms:play-services-base:18.1.0] AndroidManifest.xml:20:19-85
96            android:exported="false"
96-->[com.google.android.gms:play-services-base:18.1.0] AndroidManifest.xml:22:19-43
97            android:theme="@android:style/Theme.Translucent.NoTitleBar" />
97-->[com.google.android.gms:play-services-base:18.1.0] AndroidManifest.xml:21:19-78
98
99        <meta-data
99-->[com.google.android.gms:play-services-basement:18.1.0] AndroidManifest.xml:21:9-23:69
100            android:name="com.google.android.gms.version"
100-->[com.google.android.gms:play-services-basement:18.1.0] AndroidManifest.xml:22:13-58
101            android:value="@integer/google_play_services_version" />
101-->[com.google.android.gms:play-services-basement:18.1.0] AndroidManifest.xml:23:13-66
102
103        <provider
103-->[androidx.emoji2:emoji2:1.2.0] AndroidManifest.xml:24:9-32:20
104            android:name="androidx.startup.InitializationProvider"
104-->[androidx.emoji2:emoji2:1.2.0] AndroidManifest.xml:25:13-67
105            android:authorities="com.trigpointinguk.android.androidx-startup"
105-->[androidx.emoji2:emoji2:1.2.0] AndroidManifest.xml:26:13-68
106            android:exported="false" >
106-->[androidx.emoji2:emoji2:1.2.0] AndroidManifest.xml:27:13-37
107            <meta-data
107-->[androidx.emoji2:emoji2:1.2.0] AndroidManifest.xml:29:13-31:52
108                android:name="androidx.emoji2.text.EmojiCompatInitializer"
108-->[androidx.emoji2:emoji2:1.2.0] AndroidManifest.xml:30:17-75
109                android:value="androidx.startup" />
109-->[androidx.emoji2:emoji2:1.2.0] AndroidManifest.xml:31:17-49
110            <meta-data
110-->[androidx.lifecycle:lifecycle-process:2.6.1] AndroidManifest.xml:29:13-31:52
111                android:name="androidx.lifecycle.ProcessLifecycleInitializer"
111-->[androidx.lifecycle:lifecycle-process:2.6.1] AndroidManifest.xml:30:17-78
112                android:value="androidx.startup" />
112-->[androidx.lifecycle:lifecycle-process:2.6.1] AndroidManifest.xml:31:17-49
113            <meta-data
113-->[androidx.profileinstaller:profileinstaller:1.3.0] AndroidManifest.xml:29:13-31:52
114                android:name="androidx.profileinstaller.ProfileInstallerInitializer"
114-->[androidx.profileinstaller:profileinstaller:1.3.0] AndroidManifest.xml:30:17-85
115                android:value="androidx.startup" />
115-->[androidx.profileinstaller:profileinstaller:1.3.0] AndroidManifest.xml:31:17-49
116        </provider>
117
118        <uses-library
118-->[androidx.window:window:1.0.0] AndroidManifest.xml:25:9-27:40
119            android:name="androidx.window.extensions"
119-->[androidx.window:window:1.0.0] AndroidManifest.xml:26:13-54
120            android:required="false" />
120-->[androidx.window:window:1.0.0] AndroidManifest.xml:27:13-37
121        <uses-library
121-->[androidx.window:window:1.0.0] AndroidManifest.xml:28:9-30:40
122            android:name="androidx.window.sidecar"
122-->[androidx.window:window:1.0.0] AndroidManifest.xml:29:13-51
123            android:required="false" />
123-->[androidx.window:window:1.0.0] AndroidManifest.xml:30:13-37
124
125        <receiver
125-->[androidx.profileinstaller:profileinstaller:1.3.0] AndroidManifest.xml:34:9-52:20
126            android:name="androidx.profileinstaller.ProfileInstallReceiver"
126-->[androidx.profileinstaller:profileinstaller:1.3.0] AndroidManifest.xml:35:13-76
127            android:directBootAware="false"
127-->[androidx.profileinstaller:profileinstaller:1.3.0] AndroidManifest.xml:36:13-44
128            android:enabled="true"
128-->[androidx.profileinstaller:profileinstaller:1.3.0] AndroidManifest.xml:37:13-35
129            android:exported="true"
129-->[androidx.profileinstaller:profileinstaller:1.3.0] AndroidManifest.xml:38:13-36
130            android:permission="android.permission.DUMP" >
130-->[androidx.profileinstaller:profileinstaller:1.3.0] AndroidManifest.xml:39:13-57
131            <intent-filter>
131-->[androidx.profileinstaller:profileinstaller:1.3.0] AndroidManifest.xml:40:13-42:29
132                <action android:name="androidx.profileinstaller.action.INSTALL_PROFILE" />
132-->[androidx.profileinstaller:profileinstaller:1.3.0] AndroidManifest.xml:41:17-91
132-->[androidx.profileinstaller:profileinstaller:1.3.0] AndroidManifest.xml:41:25-88
133            </intent-filter>
134            <intent-filter>
134-->[androidx.profileinstaller:profileinstaller:1.3.0] AndroidManifest.xml:43:13-45:29
135                <action android:name="androidx.profileinstaller.action.SKIP_FILE" />
135-->[androidx.profileinstaller:profileinstaller:1.3.0] AndroidManifest.xml:44:17-85
135-->[androidx.profileinstaller:profileinstaller:1.3.0] AndroidManifest.xml:44:25-82
136            </intent-filter>
137            <intent-filter>
137-->[androidx.profileinstaller:profileinstaller:1.3.0] AndroidManifest.xml:46:13-48:29
138                <action android:name="androidx.profileinstaller.action.SAVE_PROFILE" />
138-->[androidx.profileinstaller:profileinstaller:1.3.0] AndroidManifest.xml:47:17-88
138-->[androidx.profileinstaller:profileinstaller:1.3.0] AndroidManifest.xml:47:25-85
139            </intent-filter>
140            <intent-filter>
140-->[androidx.profileinstaller:profileinstaller:1.3.0] AndroidManifest.xml:49:13-51:29
141                <action android:name="androidx.profileinstaller.action.BENCHMARK_OPERATION" />
141-->[androidx.profileinstaller:profileinstaller:1.3.0] AndroidManifest.xml:50:17-95
141-->[androidx.profileinstaller:profileinstaller:1.3.0] AndroidManifest.xml:50:25-92
142            </intent-filter>
143        </receiver>
144    </application>
145
146</manifest>